\BOOKMARK [1][-]{section.1}{Probability and Counting}{}% 1
\BOOKMARK [2][-]{subsection.1.1}{Introduction}{section.1}% 2
\BOOKMARK [2][-]{subsection.1.2}{Set Theory}{section.1}% 3
\BOOKMARK [2][-]{subsection.1.3}{Probability Measures}{section.1}% 4
\BOOKMARK [2][-]{subsection.1.4}{Permutations and Combinations}{section.1}% 5
\BOOKMARK [2][-]{subsection.1.5}{Conditional Probability}{section.1}% 6
\BOOKMARK [2][-]{subsection.1.6}{Independence, Law of Total Probability}{section.1}% 7
\BOOKMARK [1][-]{section.2}{Random Variables}{}% 8
\BOOKMARK [2][-]{subsection.2.1}{Discrete Random Variables}{section.2}% 9
\BOOKMARK [3][-]{subsubsection.2.1.1}{Bernoulli Distribution}{subsection.2.1}% 10
\BOOKMARK [3][-]{subsubsection.2.1.2}{Binomial Distribution}{subsection.2.1}% 11
\BOOKMARK [3][-]{subsubsection.2.1.3}{Geometric Distribution}{subsection.2.1}% 12
\BOOKMARK [3][-]{subsubsection.2.1.4}{Negative Binomial Distribution}{subsection.2.1}% 13
\BOOKMARK [3][-]{subsubsection.2.1.5}{Hypergeometric Distribution}{subsection.2.1}% 14
\BOOKMARK [3][-]{subsubsection.2.1.6}{Poisson Distribution}{subsection.2.1}% 15
\BOOKMARK [2][-]{subsection.2.2}{Continuous Random Variables}{section.2}% 16
\BOOKMARK [3][-]{subsubsection.2.2.1}{Uniform Distribution}{subsection.2.2}% 17
\BOOKMARK [3][-]{subsubsection.2.2.2}{Exponential Distribution}{subsection.2.2}% 18
\BOOKMARK [3][-]{subsubsection.2.2.3}{Gamma Distribution}{subsection.2.2}% 19
\BOOKMARK [3][-]{subsubsection.2.2.4}{Beta Distribution}{subsection.2.2}% 20
\BOOKMARK [3][-]{subsubsection.2.2.5}{Uniform Distribution}{subsection.2.2}% 21
\BOOKMARK [3][-]{subsubsection.2.2.6}{Standard Normal Distribution}{subsection.2.2}% 22
\BOOKMARK [3][-]{subsubsection.2.2.7}{General Normal Distribution}{subsection.2.2}% 23
\BOOKMARK [2][-]{subsection.2.3}{Transformations of Random Variables}{section.2}% 24
\BOOKMARK [1][-]{section.3}{Expected Values}{}% 25
\BOOKMARK [2][-]{subsection.3.1}{Mean and Variance}{section.3}% 26
\BOOKMARK [3][-]{subsubsection.3.1.1}{LOTUS}{subsection.3.1}% 27
\BOOKMARK [3][-]{subsubsection.3.1.2}{Inequalities}{subsection.3.1}% 28
\BOOKMARK [2][-]{subsection.3.2}{Moment Generating Functions}{section.3}% 29
\BOOKMARK [1][-]{section.4}{Joint Distributions}{}% 30
\BOOKMARK [2][-]{subsection.4.1}{Joint and Marginal Distributions}{section.4}% 31
\BOOKMARK [3][-]{subsubsection.4.1.1}{Discrete}{subsection.4.1}% 32
\BOOKMARK [3][-]{subsubsection.4.1.2}{Continuous}{subsection.4.1}% 33
\BOOKMARK [2][-]{subsection.4.2}{Independence in Joint Distributions}{section.4}% 34
\BOOKMARK [2][-]{subsection.4.3}{Conditional Distributions}{section.4}% 35
\BOOKMARK [3][-]{subsubsection.4.3.1}{Discrete}{subsection.4.3}% 36
\BOOKMARK [3][-]{subsubsection.4.3.2}{Continuous}{subsection.4.3}% 37
\BOOKMARK [2][-]{subsection.4.4}{Functions of Joint Distributions}{section.4}% 38
\BOOKMARK [2][-]{subsection.4.5}{Order Statistics}{section.4}% 39
